<?xml version="1.0" encoding="UTF-8"?>
<!-- Generated by org.testng.reporters.JUnitReportReporter -->
<testsuite hostname="DESKTOP-SV9CFRI" failures="0" tests="2" name="com.herokuapp.theinternet.uploadtests.UploadTests" time="61.474" errors="0" timestamp="2023-08-31T15:37:33 IST" skipped="0">
  <testcase classname="com.herokuapp.theinternet.uploadtests.UploadTests" name="fileUploadTest" time="48.242"/>
  <testcase classname="com.herokuapp.theinternet.uploadtests.UploadTests" name="fileUploadTest" time="13.232"/>
</testsuite> <!-- com.herokuapp.theinternet.uploadtests.UploadTests -->
